{"/Users/space/Desktop/secondLab/src/lists/LinkedList.ts": {"path":"/Users/space/Desktop/secondLab/src/lists/LinkedList.ts","statementMap":{"0":{"start":{"line":1,"column":0},"end":{"line":1,"column":38}},"1":{"start":{"line":4,"column":12},"end":{"line":4,"column":40}},"2":{"start":{"line":5,"column":12},"end":{"line":5,"column":40}},"3":{"start":{"line":6,"column":12},"end":{"line":6,"column":20}},"4":{"start":{"line":9,"column":19},"end":{"line":9,"column":34}},"5":{"start":{"line":10,"column":6},"end":{"line":17,"column":7}},"6":{"start":{"line":11,"column":8},"end":{"line":11,"column":25}},"7":{"start":{"line":12,"column":8},"end":{"line":12,"column":25}},"8":{"start":{"line":14,"column":8},"end":{"line":14,"column":31}},"9":{"start":{"line":15,"column":8},"end":{"line":15,"column":30}},"10":{"start":{"line":16,"column":8},"end":{"line":16,"column":25}},"11":{"start":{"line":18,"column":6},"end":{"line":18,"column":17}},"12":{"start":{"line":22,"column":6},"end":{"line":22,"column":81}},"13":{"start":{"line":22,"column":37},"end":{"line":22,"column":81}},"14":{"start":{"line":23,"column":6},"end":{"line":23,"column":54}},"15":{"start":{"line":23,"column":28},"end":{"line":23,"column":54}},"16":{"start":{"line":25,"column":19},"end":{"line":25,"column":34}},"17":{"start":{"line":26,"column":6},"end":{"line":37,"column":7}},"18":{"start":{"line":27,"column":8},"end":{"line":27,"column":30}},"19":{"start":{"line":28,"column":8},"end":{"line":28,"column":31}},"20":{"start":{"line":29,"column":8},"end":{"line":29,"column":25}},"21":{"start":{"line":31,"column":19},"end":{"line":31,"column":29}},"22":{"start":{"line":32,"column":8},"end":{"line":32,"column":56}},"23":{"start":{"line":32,"column":21},"end":{"line":32,"column":22}},"24":{"start":{"line":32,"column":38},"end":{"line":32,"column":56}},"25":{"start":{"line":33,"column":8},"end":{"line":33,"column":30}},"26":{"start":{"line":34,"column":8},"end":{"line":34,"column":25}},"27":{"start":{"line":35,"column":8},"end":{"line":35,"column":31}},"28":{"start":{"line":36,"column":8},"end":{"line":36,"column":25}},"29":{"start":{"line":38,"column":6},"end":{"line":38,"column":17}},"30":{"start":{"line":42,"column":6},"end":{"line":42,"column":82}},"31":{"start":{"line":42,"column":38},"end":{"line":42,"column":82}},"32":{"start":{"line":43,"column":17},"end":{"line":43,"column":27}},"33":{"start":{"line":44,"column":6},"end":{"line":44,"column":54}},"34":{"start":{"line":44,"column":19},"end":{"line":44,"column":20}},"35":{"start":{"line":44,"column":36},"end":{"line":44,"column":54}},"36":{"start":{"line":45,"column":6},"end":{"line":45,"column":76}},"37":{"start":{"line":45,"column":21},"end":{"line":45,"column":48}},"38":{"start":{"line":45,"column":54},"end":{"line":45,"column":76}},"39":{"start":{"line":46,"column":6},"end":{"line":46,"column":76}},"40":{"start":{"line":46,"column":21},"end":{"line":46,"column":48}},"41":{"start":{"line":46,"column":54},"end":{"line":46,"column":76}},"42":{"start":{"line":47,"column":6},"end":{"line":47,"column":17}},"43":{"start":{"line":48,"column":6},"end":{"line":48,"column":24}},"44":{"start":{"line":52,"column":17},"end":{"line":52,"column":26}},"45":{"start":{"line":53,"column":6},"end":{"line":61,"column":7}},"46":{"start":{"line":54,"column":21},"end":{"line":54,"column":30}},"47":{"start":{"line":55,"column":8},"end":{"line":59,"column":9}},"48":{"start":{"line":56,"column":10},"end":{"line":56,"column":80}},"49":{"start":{"line":56,"column":25},"end":{"line":56,"column":52}},"50":{"start":{"line":56,"column":58},"end":{"line":56,"column":80}},"51":{"start":{"line":57,"column":10},"end":{"line":57,"column":80}},"52":{"start":{"line":57,"column":25},"end":{"line":57,"column":52}},"53":{"start":{"line":57,"column":58},"end":{"line":57,"column":80}},"54":{"start":{"line":58,"column":10},"end":{"line":58,"column":21}},"55":{"start":{"line":60,"column":8},"end":{"line":60,"column":20}},"56":{"start":{"line":65,"column":6},"end":{"line":65,"column":82}},"57":{"start":{"line":65,"column":38},"end":{"line":65,"column":82}},"58":{"start":{"line":66,"column":17},"end":{"line":66,"column":27}},"59":{"start":{"line":67,"column":6},"end":{"line":67,"column":54}},"60":{"start":{"line":67,"column":19},"end":{"line":67,"column":20}},"61":{"start":{"line":67,"column":36},"end":{"line":67,"column":54}},"62":{"start":{"line":68,"column":6},"end":{"line":68,"column":24}},"63":{"start":{"line":72,"column":6},"end":{"line":72,"column":22}},"64":{"start":{"line":76,"column":6},"end":{"line":76,"column":23}},"65":{"start":{"line":77,"column":6},"end":{"line":77,"column":23}},"66":{"start":{"line":78,"column":6},"end":{"line":78,"column":19}},"67":{"start":{"line":82,"column":21},"end":{"line":82,"column":40}},"68":{"start":{"line":83,"column":17},"end":{"line":83,"column":26}},"69":{"start":{"line":84,"column":6},"end":{"line":87,"column":7}},"70":{"start":{"line":85,"column":8},"end":{"line":85,"column":34}},"71":{"start":{"line":86,"column":8},"end":{"line":86,"column":25}},"72":{"start":{"line":88,"column":6},"end":{"line":88,"column":20}},"73":{"start":{"line":92,"column":21},"end":{"line":92,"column":40}},"74":{"start":{"line":93,"column":17},"end":{"line":93,"column":26}},"75":{"start":{"line":94,"column":6},"end":{"line":97,"column":7}},"76":{"start":{"line":95,"column":8},"end":{"line":95,"column":34}},"77":{"start":{"line":96,"column":8},"end":{"line":96,"column":25}},"78":{"start":{"line":98,"column":6},"end":{"line":98,"column":20}},"79":{"start":{"line":102,"column":6},"end":{"line":102,"column":36}},"80":{"start":{"line":106,"column":6},"end":{"line":106,"column":37}},"81":{"start":{"line":110,"column":17},"end":{"line":110,"column":27}},"82":{"start":{"line":111,"column":6},"end":{"line":114,"column":7}},"83":{"start":{"line":112,"column":8},"end":{"line":112,"column":32}},"84":{"start":{"line":113,"column":8},"end":{"line":113,"column":25}},"85":{"start":{"line":118,"column":23},"end":{"line":118,"column":25}},"86":{"start":{"line":119,"column":17},"end":{"line":119,"column":26}},"87":{"start":{"line":120,"column":6},"end":{"line":123,"column":7}},"88":{"start":{"line":121,"column":8},"end":{"line":121,"column":29}},"89":{"start":{"line":122,"column":8},"end":{"line":122,"column":25}},"90":{"start":{"line":124,"column":6},"end":{"line":124,"column":17}},"91":{"start":{"line":128,"column":17},"end":{"line":128,"column":26}},"92":{"start":{"line":129,"column":16},"end":{"line":129,"column":17}},"93":{"start":{"line":130,"column":6},"end":{"line":133,"column":7}},"94":{"start":{"line":131,"column":8},"end":{"line":131,"column":30}},"95":{"start":{"line":132,"column":8},"end":{"line":132,"column":25}},"96":{"start":{"line":137,"column":21},"end":{"line":137,"column":40}},"97":{"start":{"line":138,"column":17},"end":{"line":138,"column":26}},"98":{"start":{"line":139,"column":16},"end":{"line":139,"column":17}},"99":{"start":{"line":140,"column":6},"end":{"line":143,"column":7}},"100":{"start":{"line":141,"column":8},"end":{"line":141,"column":45}},"101":{"start":{"line":142,"column":8},"end":{"line":142,"column":25}},"102":{"start":{"line":144,"column":6},"end":{"line":144,"column":20}},"103":{"start":{"line":148,"column":21},"end":{"line":148,"column":40}},"104":{"start":{"line":149,"column":17},"end":{"line":149,"column":26}},"105":{"start":{"line":150,"column":16},"end":{"line":150,"column":17}},"106":{"start":{"line":151,"column":6},"end":{"line":157,"column":7}},"107":{"start":{"line":152,"column":8},"end":{"line":154,"column":9}},"108":{"start":{"line":153,"column":10},"end":{"line":153,"column":36}},"109":{"start":{"line":155,"column":8},"end":{"line":155,"column":25}},"110":{"start":{"line":156,"column":8},"end":{"line":156,"column":14}},"111":{"start":{"line":158,"column":6},"end":{"line":158,"column":20}},"112":{"start":{"line":162,"column":6},"end":{"line":162,"column":28}},"113":{"start":{"line":166,"column":16},"end":{"line":166,"column":17}},"114":{"start":{"line":167,"column":18},"end":{"line":167,"column":20}},"115":{"start":{"line":168,"column":17},"end":{"line":168,"column":26}},"116":{"start":{"line":169,"column":6},"end":{"line":176,"column":7}},"117":{"start":{"line":170,"column":8},"end":{"line":173,"column":9}},"118":{"start":{"line":171,"column":10},"end":{"line":171,"column":32}},"119":{"start":{"line":171,"column":21},"end":{"line":171,"column":32}},"120":{"start":{"line":172,"column":10},"end":{"line":172,"column":22}},"121":{"start":{"line":174,"column":8},"end":{"line":174,"column":25}},"122":{"start":{"line":175,"column":8},"end":{"line":175,"column":14}},"123":{"start":{"line":177,"column":6},"end":{"line":177,"column":19}},"124":{"start":{"line":3,"column":0},"end":{"line":3,"column":13}}},"fnMap":{"0":{"name":"(anonymous_0)","decl":{"start":{"line":3,"column":0},"end":{"line":3,"column":13}},"loc":{"start":{"line":3,"column":0},"end":{"line":179,"column":3}}},"1":{"name":"(anonymous_1)","decl":{"start":{"line":8,"column":4},"end":{"line":8,"column":10}},"loc":{"start":{"line":8,"column":19},"end":{"line":19,"column":5}}},"2":{"name":"(anonymous_2)","decl":{"start":{"line":21,"column":4},"end":{"line":21,"column":10}},"loc":{"start":{"line":21,"column":32},"end":{"line":39,"column":5}}},"3":{"name":"(anonymous_3)","decl":{"start":{"line":41,"column":4},"end":{"line":41,"column":10}},"loc":{"start":{"line":41,"column":22},"end":{"line":49,"column":5}}},"4":{"name":"(anonymous_4)","decl":{"start":{"line":51,"column":4},"end":{"line":51,"column":13}},"loc":{"start":{"line":51,"column":22},"end":{"line":62,"column":5}}},"5":{"name":"(anonymous_5)","decl":{"start":{"line":64,"column":4},"end":{"line":64,"column":7}},"loc":{"start":{"line":64,"column":19},"end":{"line":69,"column":5}}},"6":{"name":"(anonymous_6)","decl":{"start":{"line":71,"column":4},"end":{"line":71,"column":10}},"loc":{"start":{"line":71,"column":10},"end":{"line":73,"column":5}}},"7":{"name":"(anonymous_7)","decl":{"start":{"line":75,"column":4},"end":{"line":75,"column":9}},"loc":{"start":{"line":75,"column":9},"end":{"line":79,"column":5}}},"8":{"name":"(anonymous_8)","decl":{"start":{"line":81,"column":4},"end":{"line":81,"column":9}},"loc":{"start":{"line":81,"column":9},"end":{"line":89,"column":5}}},"9":{"name":"(anonymous_9)","decl":{"start":{"line":91,"column":4},"end":{"line":91,"column":11}},"loc":{"start":{"line":91,"column":11},"end":{"line":99,"column":5}}},"10":{"name":"(anonymous_10)","decl":{"start":{"line":101,"column":4},"end":{"line":101,"column":13}},"loc":{"start":{"line":101,"column":22},"end":{"line":103,"column":5}}},"11":{"name":"(anonymous_11)","decl":{"start":{"line":105,"column":4},"end":{"line":105,"column":12}},"loc":{"start":{"line":105,"column":21},"end":{"line":107,"column":5}}},"12":{"name":"(anonymous_12)","decl":{"start":{"line":109,"column":4},"end":{"line":109,"column":10}},"loc":{"start":{"line":109,"column":31},"end":{"line":115,"column":5}}},"13":{"name":"(anonymous_13)","decl":{"start":{"line":117,"column":4},"end":{"line":117,"column":11}},"loc":{"start":{"line":117,"column":11},"end":{"line":125,"column":5}}},"14":{"name":"(anonymous_14)","decl":{"start":{"line":127,"column":4},"end":{"line":127,"column":11}},"loc":{"start":{"line":127,"column":49},"end":{"line":134,"column":5}}},"15":{"name":"(anonymous_15)","decl":{"start":{"line":136,"column":4},"end":{"line":136,"column":7}},"loc":{"start":{"line":136,"column":45},"end":{"line":145,"column":5}}},"16":{"name":"(anonymous_16)","decl":{"start":{"line":147,"column":4},"end":{"line":147,"column":10}},"loc":{"start":{"line":147,"column":51},"end":{"line":159,"column":5}}},"17":{"name":"(anonymous_17)","decl":{"start":{"line":161,"column":4},"end":{"line":161,"column":11}},"loc":{"start":{"line":161,"column":11},"end":{"line":163,"column":5}}},"18":{"name":"(anonymous_18)","decl":{"start":{"line":165,"column":12},"end":{"line":165,"column":16}},"loc":{"start":{"line":165,"column":41},"end":{"line":178,"column":5}}}},"branchMap":{"0":{"loc":{"start":{"line":10,"column":6},"end":{"line":17,"column":7}},"type":"if","locations":[{"start":{"line":10,"column":6},"end":{"line":17,"column":7}},{"start":{"line":13,"column":13},"end":{"line":17,"column":7}}]},"1":{"loc":{"start":{"line":22,"column":6},"end":{"line":22,"column":81}},"type":"if","locations":[{"start":{"line":22,"column":6},"end":{"line":22,"column":81}}]},"2":{"loc":{"start":{"line":22,"column":10},"end":{"line":22,"column":35}},"type":"binary-expr","locations":[{"start":{"line":22,"column":10},"end":{"line":22,"column":17}},{"start":{"line":22,"column":21},"end":{"line":22,"column":35}}]},"3":{"loc":{"start":{"line":23,"column":6},"end":{"line":23,"column":54}},"type":"if","locations":[{"start":{"line":23,"column":6},"end":{"line":23,"column":54}}]},"4":{"loc":{"start":{"line":26,"column":6},"end":{"line":37,"column":7}},"type":"if","locations":[{"start":{"line":26,"column":6},"end":{"line":37,"column":7}},{"start":{"line":30,"column":13},"end":{"line":37,"column":7}}]},"5":{"loc":{"start":{"line":42,"column":6},"end":{"line":42,"column":82}},"type":"if","locations":[{"start":{"line":42,"column":6},"end":{"line":42,"column":82}}]},"6":{"loc":{"start":{"line":42,"column":10},"end":{"line":42,"column":36}},"type":"binary-expr","locations":[{"start":{"line":42,"column":10},"end":{"line":42,"column":17}},{"start":{"line":42,"column":21},"end":{"line":42,"column":36}}]},"7":{"loc":{"start":{"line":45,"column":6},"end":{"line":45,"column":76}},"type":"if","locations":[{"start":{"line":45,"column":6},"end":{"line":45,"column":76}},{"start":{"line":45,"column":54},"end":{"line":45,"column":76}}]},"8":{"loc":{"start":{"line":46,"column":6},"end":{"line":46,"column":76}},"type":"if","locations":[{"start":{"line":46,"column":6},"end":{"line":46,"column":76}},{"start":{"line":46,"column":54},"end":{"line":46,"column":76}}]},"9":{"loc":{"start":{"line":55,"column":8},"end":{"line":59,"column":9}},"type":"if","locations":[{"start":{"line":55,"column":8},"end":{"line":59,"column":9}}]},"10":{"loc":{"start":{"line":56,"column":10},"end":{"line":56,"column":80}},"type":"if","locations":[{"start":{"line":56,"column":10},"end":{"line":56,"column":80}},{"start":{"line":56,"column":58},"end":{"line":56,"column":80}}]},"11":{"loc":{"start":{"line":57,"column":10},"end":{"line":57,"column":80}},"type":"if","locations":[{"start":{"line":57,"column":10},"end":{"line":57,"column":80}},{"start":{"line":57,"column":58},"end":{"line":57,"column":80}}]},"12":{"loc":{"start":{"line":65,"column":6},"end":{"line":65,"column":82}},"type":"if","locations":[{"start":{"line":65,"column":6},"end":{"line":65,"column":82}}]},"13":{"loc":{"start":{"line":65,"column":10},"end":{"line":65,"column":36}},"type":"binary-expr","locations":[{"start":{"line":65,"column":10},"end":{"line":65,"column":17}},{"start":{"line":65,"column":21},"end":{"line":65,"column":36}}]},"14":{"loc":{"start":{"line":152,"column":8},"end":{"line":154,"column":9}},"type":"if","locations":[{"start":{"line":152,"column":8},"end":{"line":154,"column":9}}]},"15":{"loc":{"start":{"line":170,"column":8},"end":{"line":173,"column":9}},"type":"if","locations":[{"start":{"line":170,"column":8},"end":{"line":173,"column":9}}]},"16":{"loc":{"start":{"line":171,"column":10},"end":{"line":171,"column":32}},"type":"if","locations":[{"start":{"line":171,"column":10},"end":{"line":171,"column":32}}]}},"s":{"0":1,"1":26,"2":26,"3":26,"4":55,"5":55,"6":25,"7":25,"8":30,"9":30,"10":30,"11":55,"12":5,"13":2,"14":3,"15":1,"16":2,"17":2,"18":1,"19":1,"20":1,"21":1,"22":1,"23":1,"24":1,"25":1,"26":1,"27":1,"28":1,"29":2,"30":3,"31":2,"32":1,"33":1,"34":1,"35":1,"36":1,"37":1,"38":0,"39":1,"40":1,"41":0,"42":1,"43":1,"44":1,"45":1,"46":4,"47":4,"48":2,"49":1,"50":1,"51":2,"52":2,"53":0,"54":2,"55":4,"56":3,"57":2,"58":1,"59":1,"60":1,"61":1,"62":1,"63":3,"64":2,"65":2,"66":2,"67":1,"68":1,"69":1,"70":2,"71":2,"72":1,"73":1,"74":1,"75":1,"76":3,"77":3,"78":1,"79":3,"80":3,"81":1,"82":1,"83":2,"84":2,"85":14,"86":14,"87":14,"88":31,"89":31,"90":14,"91":1,"92":1,"93":1,"94":2,"95":2,"96":1,"97":1,"98":1,"99":1,"100":2,"101":2,"102":1,"103":1,"104":1,"105":1,"106":1,"107":3,"108":2,"109":3,"110":3,"111":1,"112":3,"113":6,"114":6,"115":6,"116":6,"117":15,"118":5,"119":2,"120":3,"121":13,"122":13,"123":4,"124":1},"f":{"0":26,"1":55,"2":5,"3":3,"4":1,"5":3,"6":3,"7":2,"8":1,"9":1,"10":3,"11":3,"12":1,"13":14,"14":1,"15":1,"16":1,"17":3,"18":6},"b":{"0":[25,30],"1":[2],"2":[5,4],"3":[1],"4":[1,1],"5":[2],"6":[3,3],"7":[1,0],"8":[1,0],"9":[2],"10":[1,1],"11":[2,0],"12":[2],"13":[3,3],"14":[2],"15":[5],"16":[2]}}
,"/Users/space/Desktop/secondLab/src/lists/nodeClass.ts": {"path":"/Users/space/Desktop/secondLab/src/lists/nodeClass.ts","statementMap":{"0":{"start":{"line":3,"column":4},"end":{"line":3,"column":32}},"1":{"start":{"line":4,"column":4},"end":{"line":4,"column":32}},"2":{"start":{"line":5,"column":24},"end":{"line":5,"column":39}},"3":{"start":{"line":1,"column":0},"end":{"line":1,"column":13}}},"fnMap":{"0":{"name":"(anonymous_0)","decl":{"start":{"line":5,"column":4},"end":{"line":5,"column":16}},"loc":{"start":{"line":5,"column":20},"end":{"line":5,"column":41}}}},"branchMap":{},"s":{"0":57,"1":57,"2":57,"3":1},"f":{"0":57},"b":{}}
}
