TN:
SF:src/lists/LinkedList.ts
FN:3,(anonymous_0)
FN:8,(anonymous_1)
FN:21,(anonymous_2)
FN:41,(anonymous_3)
FN:51,(anonymous_4)
FN:64,(anonymous_5)
FN:71,(anonymous_6)
FN:75,(anonymous_7)
FN:81,(anonymous_8)
FN:91,(anonymous_9)
FN:101,(anonymous_10)
FN:105,(anonymous_11)
FN:109,(anonymous_12)
FN:117,(anonymous_13)
FN:127,(anonymous_14)
FN:136,(anonymous_15)
FN:147,(anonymous_16)
FN:161,(anonymous_17)
FN:165,(anonymous_18)
FNF:19
FNH:19
FNDA:26,(anonymous_0)
FNDA:55,(anonymous_1)
FNDA:5,(anonymous_2)
FNDA:3,(anonymous_3)
FNDA:1,(anonymous_4)
FNDA:3,(anonymous_5)
FNDA:3,(anonymous_6)
FNDA:2,(anonymous_7)
FNDA:1,(anonymous_8)
FNDA:1,(anonymous_9)
FNDA:3,(anonymous_10)
FNDA:3,(anonymous_11)
FNDA:1,(anonymous_12)
FNDA:14,(anonymous_13)
FNDA:1,(anonymous_14)
FNDA:1,(anonymous_15)
FNDA:1,(anonymous_16)
FNDA:3,(anonymous_17)
FNDA:6,(anonymous_18)
DA:1,1
DA:3,1
DA:4,26
DA:5,26
DA:6,26
DA:9,55
DA:10,55
DA:11,25
DA:12,25
DA:14,30
DA:15,30
DA:16,30
DA:18,55
DA:22,5
DA:23,3
DA:25,2
DA:26,2
DA:27,1
DA:28,1
DA:29,1
DA:31,1
DA:32,1
DA:33,1
DA:34,1
DA:35,1
DA:36,1
DA:38,2
DA:42,3
DA:43,1
DA:44,1
DA:45,1
DA:46,1
DA:47,1
DA:48,1
DA:52,1
DA:53,1
DA:54,4
DA:55,4
DA:56,2
DA:57,2
DA:58,2
DA:60,4
DA:65,3
DA:66,1
DA:67,1
DA:68,1
DA:72,3
DA:76,2
DA:77,2
DA:78,2
DA:82,1
DA:83,1
DA:84,1
DA:85,2
DA:86,2
DA:88,1
DA:92,1
DA:93,1
DA:94,1
DA:95,3
DA:96,3
DA:98,1
DA:102,3
DA:106,3
DA:110,1
DA:111,1
DA:112,2
DA:113,2
DA:118,14
DA:119,14
DA:120,14
DA:121,31
DA:122,31
DA:124,14
DA:128,1
DA:129,1
DA:130,1
DA:131,2
DA:132,2
DA:137,1
DA:138,1
DA:139,1
DA:140,1
DA:141,2
DA:142,2
DA:144,1
DA:148,1
DA:149,1
DA:150,1
DA:151,1
DA:152,3
DA:153,2
DA:155,3
DA:156,3
DA:158,1
DA:162,3
DA:166,6
DA:167,6
DA:168,6
DA:169,6
DA:170,15
DA:171,5
DA:172,3
DA:174,13
DA:175,13
DA:177,4
LF:106
LH:106
BRDA:10,0,0,25
BRDA:10,0,1,30
BRDA:22,1,0,2
BRDA:22,2,0,5
BRDA:22,2,1,4
BRDA:23,3,0,1
BRDA:26,4,0,1
BRDA:26,4,1,1
BRDA:42,5,0,2
BRDA:42,6,0,3
BRDA:42,6,1,3
BRDA:45,7,0,1
BRDA:45,7,1,0
BRDA:46,8,0,1
BRDA:46,8,1,0
BRDA:55,9,0,2
BRDA:56,10,0,1
BRDA:56,10,1,1
BRDA:57,11,0,2
BRDA:57,11,1,0
BRDA:65,12,0,2
BRDA:65,13,0,3
BRDA:65,13,1,3
BRDA:152,14,0,2
BRDA:170,15,0,5
BRDA:171,16,0,2
BRF:26
BRH:23
end_of_record
TN:
SF:src/lists/nodeClass.ts
FN:5,(anonymous_0)
FNF:1
FNH:1
FNDA:57,(anonymous_0)
DA:1,1
DA:3,57
DA:4,57
DA:5,57
LF:4
LH:4
BRF:0
BRH:0
end_of_record
